<?xml version="1.0" encoding="UTF-8"?>
<testsuite xmlns:xsi="http://www.w3.org/2001/XMLSchema-instance" xsi:noNamespaceSchemaLocation="https://maven.apache.org/surefire/maven-surefire-plugin/xsd/surefire-test-report-3.0.xsd" version="3.0" name="LibroTest" time="0.183" tests="6" errors="0" skipped="0" failures="0">
  <properties>
[...]
</properties>
  <testcase name="prestarLibro" classname="LibroTest" time="0.109"/>
  <testcase name="testDevolverCuandoYaDisponible" classname="LibroTest" time="0.001"/>
  <testcase name="testEstadoInicialDisponible" classname="LibroTest" time="0"/>
  <testcase name="testPrestarLibro" classname="LibroTest" time="0"/>
  <testcase name="testDevolverTrasPrestar" classname="LibroTest" time="0.002"/>
  <testcase name="testPrestarLibroNoDisponible" classname="LibroTest" time="0.006"/>
</testsuite>